This file contains any messages produced by compilers while
running configure, to aid debugging if configure makes a mistake.

It was created by pocketsphinx configure 0.8, which was
generated by GNU Autoconf 2.69.  Invocation command line was

  $ ./configure 

## --------- ##
## Platform. ##
## --------- ##

hostname = localhost
uname -m = x86_64
uname -r = 3.2.0-4-amd64
uname -s = Linux
uname -v = #1 SMP Debian 3.2.54-2

/usr/bin/uname -p = unknown
/bin/uname -X     = unknown

/bin/arch              = unknown
/usr/bin/arch -k       = unknown
/usr/convex/getsysinfo = unknown
/usr/bin/hostinfo      = unknown
/bin/machine           = unknown
/usr/bin/oslevel       = unknown
/bin/universe          = unknown

PATH: /usr/local/sbin
PATH: /usr/local/bin
PATH: /usr/sbin
PATH: /usr/bin
PATH: /sbin
PATH: /bin


## ----------- ##
## Core tests. ##
## ----------- ##

configure:2519: checking for a BSD-compatible install
configure:2587: result: /usr/bin/install -c
configure:2598: checking whether build environment is sane
configure:2648: result: yes
configure:2789: checking for a thread-safe mkdir -p
configure:2828: result: /bin/mkdir -p
configure:2841: checking for gawk
configure:2857: found /usr/bin/gawk
configure:2868: result: gawk
configure:2879: checking whether make sets $(MAKE)
configure:2901: result: yes
configure:2980: checking build system type
configure:2994: result: x86_64-unknown-linux-gnu
configure:3014: checking host system type
configure:3027: result: x86_64-unknown-linux-gnu
configure:3113: checking for gcc
configure:3129: found /usr/bin/gcc
configure:3140: result: gcc
configure:3369: checking for C compiler version
configure:3378: gcc --version >&5
gcc (Debian 4.7.2-5) 4.7.2
Copyright (C) 2012 Free Software Foundation, Inc.
This is free software; see the source for copying conditions.  There is NO
warranty; not even for MERCHANTABILITY or FITNESS FOR A PARTICULAR PURPOSE.

configure:3389: $? = 0
configure:3378: gcc -v >&5
Using built-in specs.
COLLECT_GCC=gcc
COLLECT_LTO_WRAPPER=/usr/lib/gcc/x86_64-linux-gnu/4.7/lto-wrapper
Target: x86_64-linux-gnu
Configured with: ../src/configure -v --with-pkgversion='Debian 4.7.2-5' --with-bugurl=file:///usr/share/doc/gcc-4.7/README.Bugs --enable-languages=c,c++,go,fortran,objc,obj-c++ --prefix=/usr --program-suffix=-4.7 --enable-shared --enable-linker-build-id --with-system-zlib --libexecdir=/usr/lib --without-included-gettext --enable-threads=posix --with-gxx-include-dir=/usr/include/c++/4.7 --libdir=/usr/lib --enable-nls --with-sysroot=/ --enable-clocale=gnu --enable-libstdcxx-debug --enable-libstdcxx-time=yes --enable-gnu-unique-object --enable-plugin --enable-objc-gc --with-arch-32=i586 --with-tune=generic --enable-checking=release --build=x86_64-linux-gnu --host=x86_64-linux-gnu --target=x86_64-linux-gnu
Thread model: posix
gcc version 4.7.2 (Debian 4.7.2-5) 
configure:3389: $? = 0
configure:3378: gcc -V >&5
gcc: error: unrecognized command line option '-V'
gcc: fatal error: no input files
compilation terminated.
configure:3389: $? = 4
configure:3378: gcc -qversion >&5
gcc: error: unrecognized command line option '-qversion'
gcc: fatal error: no input files
compilation terminated.
configure:3389: $? = 4
configure:3409: checking whether the C compiler works
configure:3431: gcc -g -O2 -Wall   conftest.c  >&5
configure:3435: $? = 0
configure:3483: result: yes
configure:3486: checking for C compiler default output file name
configure:3488: result: a.out
configure:3494: checking for suffix of executables
configure:3501: gcc -o conftest -g -O2 -Wall   conftest.c  >&5
configure:3505: $? = 0
configure:3527: result: 
configure:3549: checking whether we are cross compiling
configure:3557: gcc -o conftest -g -O2 -Wall   conftest.c  >&5
configure:3561: $? = 0
configure:3568: ./conftest
configure:3572: $? = 0
configure:3587: result: no
configure:3592: checking for suffix of object files
configure:3614: gcc -c -g -O2 -Wall  conftest.c >&5
configure:3618: $? = 0
configure:3639: result: o
configure:3643: checking whether we are using the GNU C compiler
configure:3662: gcc -c -g -O2 -Wall  conftest.c >&5
configure:3662: $? = 0
configure:3671: result: yes
configure:3680: checking whether gcc accepts -g
configure:3700: gcc -c -g  conftest.c >&5
configure:3700: $? = 0
configure:3741: result: yes
configure:3758: checking for gcc option to accept ISO C89
configure:3821: gcc  -c -g -O2 -Wall  conftest.c >&5
configure:3821: $? = 0
configure:3834: result: none needed
configure:3865: checking for style of include used by make
configure:3893: result: GNU
configure:3919: checking dependency style of gcc
configure:4030: result: gcc3
configure:4091: checking how to print strings
configure:4118: result: printf
configure:4139: checking for a sed that does not truncate output
configure:4203: result: /bin/sed
configure:4221: checking for grep that handles long lines and -e
configure:4279: result: /bin/grep
configure:4284: checking for egrep
configure:4346: result: /bin/grep -E
configure:4351: checking for fgrep
configure:4413: result: /bin/grep -F
configure:4448: checking for ld used by gcc
configure:4515: result: /usr/bin/ld
configure:4522: checking if the linker (/usr/bin/ld) is GNU ld
configure:4537: result: yes
configure:4549: checking for BSD- or MS-compatible name lister (nm)
configure:4598: result: /usr/bin/nm -B
configure:4728: checking the name lister (/usr/bin/nm -B) interface
configure:4735: gcc -c -g -O2 -Wall  conftest.c >&5
configure:4738: /usr/bin/nm -B "conftest.o"
configure:4741: output
0000000000000000 B some_variable
configure:4748: result: BSD nm
configure:4751: checking whether ln -s works
configure:4755: result: yes
configure:4763: checking the maximum length of command line arguments
configure:4893: result: 1572864
configure:4910: checking whether the shell understands some XSI constructs
configure:4920: result: yes
configure:4924: checking whether the shell understands "+="
configure:4930: result: yes
configure:4965: checking how to convert x86_64-unknown-linux-gnu file names to x86_64-unknown-linux-gnu format
configure:5005: result: func_convert_file_noop
configure:5012: checking how to convert x86_64-unknown-linux-gnu file names to toolchain format
configure:5032: result: func_convert_file_noop
configure:5039: checking for /usr/bin/ld option to reload object files
configure:5046: result: -r
configure:5120: checking for objdump
configure:5136: found /usr/bin/objdump
configure:5147: result: objdump
configure:5179: checking how to recognize dependent libraries
configure:5377: result: pass_all
configure:5462: checking for dlltool
configure:5492: result: no
configure:5522: checking how to associate runtime and link libraries
configure:5549: result: printf %s\n
configure:5610: checking for ar
configure:5626: found /usr/bin/ar
configure:5637: result: ar
configure:5674: checking for archiver @FILE support
configure:5691: gcc -c -g -O2 -Wall  conftest.c >&5
configure:5691: $? = 0
configure:5694: ar cru libconftest.a @conftest.lst >&5
configure:5697: $? = 0
configure:5702: ar cru libconftest.a @conftest.lst >&5
ar: conftest.o: No such file or directory
configure:5705: $? = 1
configure:5717: result: @
configure:5775: checking for strip
configure:5791: found /usr/bin/strip
configure:5802: result: strip
configure:5874: checking for ranlib
configure:5890: found /usr/bin/ranlib
configure:5901: result: ranlib
configure:6003: checking command to parse /usr/bin/nm -B output from gcc object
configure:6123: gcc -c -g -O2 -Wall  conftest.c >&5
configure:6126: $? = 0
configure:6130: /usr/bin/nm -B conftest.o \| sed -n -e 's/^.*[ ]\([ABCDGIRSTW][ABCDGIRSTW]*\)[ ][ ]*\([_A-Za-z][_A-Za-z0-9]*\)$/\1 \2 \2/p' | sed '/ __gnu_lto/d' \> conftest.nm
configure:6133: $? = 0
configure:6199: gcc -o conftest -g -O2 -Wall   conftest.c conftstm.o >&5
configure:6202: $? = 0
configure:6240: result: ok
configure:6277: checking for sysroot
configure:6307: result: no
configure:6384: gcc -c -g -O2 -Wall  conftest.c >&5
configure:6387: $? = 0
configure:6563: checking for mt
configure:6579: found /bin/mt
configure:6590: result: mt
configure:6613: checking if mt is a manifest tool
configure:6619: mt '-?'
configure:6627: result: no
configure:7269: checking how to run the C preprocessor
configure:7300: gcc -E  conftest.c
configure:7300: $? = 0
configure:7314: gcc -E  conftest.c
conftest.c:9:28: fatal error: ac_nonexistent.h: No such file or directory
compilation terminated.
configure:7314: $? = 1
configure: failed program was:
| /* confdefs.h */
| #define PACKAGE_NAME "pocketsphinx"
| #define PACKAGE_TARNAME "pocketsphinx"
| #define PACKAGE_VERSION "0.8"
| #define PACKAGE_STRING "pocketsphinx 0.8"
| #define PACKAGE_BUGREPORT ""
| #define PACKAGE_URL ""
| /* end confdefs.h.  */
| #include <ac_nonexistent.h>
configure:7339: result: gcc -E
configure:7359: gcc -E  conftest.c
configure:7359: $? = 0
configure:7373: gcc -E  conftest.c
conftest.c:9:28: fatal error: ac_nonexistent.h: No such file or directory
compilation terminated.
configure:7373: $? = 1
configure: failed program was:
| /* confdefs.h */
| #define PACKAGE_NAME "pocketsphinx"
| #define PACKAGE_TARNAME "pocketsphinx"
| #define PACKAGE_VERSION "0.8"
| #define PACKAGE_STRING "pocketsphinx 0.8"
| #define PACKAGE_BUGREPORT ""
| #define PACKAGE_URL ""
| /* end confdefs.h.  */
| #include <ac_nonexistent.h>
configure:7402: checking for ANSI C header files
configure:7422: gcc -c -g -O2 -Wall  conftest.c >&5
configure:7422: $? = 0
configure:7495: gcc -o conftest -g -O2 -Wall   conftest.c  >&5
configure:7495: $? = 0
configure:7495: ./conftest
configure:7495: $? = 0
configure:7506: result: yes
configure:7519: checking for sys/types.h
configure:7519: gcc -c -g -O2 -Wall  conftest.c >&5
configure:7519: $? = 0
configure:7519: result: yes
configure:7519: checking for sys/stat.h
configure:7519: gcc -c -g -O2 -Wall  conftest.c >&5
configure:7519: $? = 0
configure:7519: result: yes
configure:7519: checking for stdlib.h
configure:7519: gcc -c -g -O2 -Wall  conftest.c >&5
configure:7519: $? = 0
configure:7519: result: yes
configure:7519: checking for string.h
configure:7519: gcc -c -g -O2 -Wall  conftest.c >&5
configure:7519: $? = 0
configure:7519: result: yes
configure:7519: checking for memory.h
configure:7519: gcc -c -g -O2 -Wall  conftest.c >&5
configure:7519: $? = 0
configure:7519: result: yes
configure:7519: checking for strings.h
configure:7519: gcc -c -g -O2 -Wall  conftest.c >&5
configure:7519: $? = 0
configure:7519: result: yes
configure:7519: checking for inttypes.h
configure:7519: gcc -c -g -O2 -Wall  conftest.c >&5
configure:7519: $? = 0
configure:7519: result: yes
configure:7519: checking for stdint.h
configure:7519: gcc -c -g -O2 -Wall  conftest.c >&5
configure:7519: $? = 0
configure:7519: result: yes
configure:7519: checking for unistd.h
configure:7519: gcc -c -g -O2 -Wall  conftest.c >&5
configure:7519: $? = 0
configure:7519: result: yes
configure:7533: checking for dlfcn.h
configure:7533: gcc -c -g -O2 -Wall  conftest.c >&5
configure:7533: $? = 0
configure:7533: result: yes
configure:7739: checking for objdir
configure:7754: result: .libs
configure:8025: checking if gcc supports -fno-rtti -fno-exceptions
configure:8043: gcc -c -g -O2 -Wall  -fno-rtti -fno-exceptions conftest.c >&5
cc1: warning: command line option '-fno-rtti' is valid for C++/ObjC++ but not for C [enabled by default]
configure:8047: $? = 0
configure:8060: result: no
configure:8387: checking for gcc option to produce PIC
configure:8394: result: -fPIC -DPIC
configure:8402: checking if gcc PIC flag -fPIC -DPIC works
configure:8420: gcc -c -g -O2 -Wall  -fPIC -DPIC -DPIC conftest.c >&5
configure:8424: $? = 0
configure:8437: result: yes
configure:8466: checking if gcc static flag -static works
configure:8494: result: yes
configure:8509: checking if gcc supports -c -o file.o
configure:8530: gcc -c -g -O2 -Wall  -o out/conftest2.o conftest.c >&5
configure:8534: $? = 0
configure:8556: result: yes
configure:8564: checking if gcc supports -c -o file.o
configure:8611: result: yes
configure:8644: checking whether the gcc linker (/usr/bin/ld -m elf_x86_64) supports shared libraries
configure:9801: result: yes
configure:9838: checking whether -lc should be explicitly linked in
configure:9846: gcc -c -g -O2 -Wall  conftest.c >&5
configure:9849: $? = 0
configure:9864: gcc -shared  -fPIC -DPIC conftest.o  -v -Wl,-soname -Wl,conftest -o conftest 2\>\&1 \| /bin/grep  -lc  \>/dev/null 2\>\&1
configure:9867: $? = 0
configure:9881: result: no
configure:10041: checking dynamic linker characteristics
configure:10541: gcc -o conftest -g -O2 -Wall   -Wl,-rpath -Wl,/foo conftest.c  >&5
configure:10541: $? = 0
configure:10775: result: GNU/Linux ld.so
configure:10882: checking how to hardcode library paths into programs
configure:10907: result: immediate
configure:11447: checking whether stripping libraries is possible
configure:11452: result: yes
configure:11487: checking if libtool supports shared libraries
configure:11489: result: yes
configure:11492: checking whether to build shared libraries
configure:11513: result: yes
configure:11516: checking whether to build static libraries
configure:11520: result: yes
configure:11557: checking whether byte ordering is bigendian
configure:11572: gcc -c -g -O2 -Wall  conftest.c >&5
conftest.c:22:9: error: unknown type name 'not'
conftest.c:22:15: error: expected '=', ',', ';', 'asm' or '__attribute__' before 'universal'
conftest.c:22:15: error: unknown type name 'universal'
configure:11572: $? = 1
configure: failed program was:
| /* confdefs.h */
| #define PACKAGE_NAME "pocketsphinx"
| #define PACKAGE_TARNAME "pocketsphinx"
| #define PACKAGE_VERSION "0.8"
| #define PACKAGE_STRING "pocketsphinx 0.8"
| #define PACKAGE_BUGREPORT ""
| #define PACKAGE_URL ""
| #define STDC_HEADERS 1
| #define HAVE_SYS_TYPES_H 1
| #define HAVE_SYS_STAT_H 1
| #define HAVE_STDLIB_H 1
| #define HAVE_STRING_H 1
| #define HAVE_MEMORY_H 1
| #define HAVE_STRINGS_H 1
| #define HAVE_INTTYPES_H 1
| #define HAVE_STDINT_H 1
| #define HAVE_UNISTD_H 1
| #define HAVE_DLFCN_H 1
| #define LT_OBJDIR ".libs/"
| /* end confdefs.h.  */
| #ifndef __APPLE_CC__
| 	       not a universal capable compiler
| 	     #endif
| 	     typedef int dummy;
| 
configure:11617: gcc -c -g -O2 -Wall  conftest.c >&5
configure:11617: $? = 0
configure:11635: gcc -c -g -O2 -Wall  conftest.c >&5
conftest.c: In function 'main':
conftest.c:28:4: error: unknown type name 'not'
conftest.c:28:12: error: expected '=', ',', ';', 'asm' or '__attribute__' before 'endian'
configure:11635: $? = 1
configure: failed program was:
| /* confdefs.h */
| #define PACKAGE_NAME "pocketsphinx"
| #define PACKAGE_TARNAME "pocketsphinx"
| #define PACKAGE_VERSION "0.8"
| #define PACKAGE_STRING "pocketsphinx 0.8"
| #define PACKAGE_BUGREPORT ""
| #define PACKAGE_URL ""
| #define STDC_HEADERS 1
| #define HAVE_SYS_TYPES_H 1
| #define HAVE_SYS_STAT_H 1
| #define HAVE_STDLIB_H 1
| #define HAVE_STRING_H 1
| #define HAVE_MEMORY_H 1
| #define HAVE_STRINGS_H 1
| #define HAVE_INTTYPES_H 1
| #define HAVE_STDINT_H 1
| #define HAVE_UNISTD_H 1
| #define HAVE_DLFCN_H 1
| #define LT_OBJDIR ".libs/"
| /* end confdefs.h.  */
| #include <sys/types.h>
| 		#include <sys/param.h>
| 
| int
| main ()
| {
| #if BYTE_ORDER != BIG_ENDIAN
| 		 not big endian
| 		#endif
| 
|   ;
|   return 0;
| }
configure:11763: result: no
configure:11781: checking for long long
configure:11781: gcc -c -g -O2 -Wall  conftest.c >&5
configure:11781: $? = 0
configure:11781: gcc -c -g -O2 -Wall  conftest.c >&5
conftest.c: In function 'main':
conftest.c:57:24: error: expected expression before ')' token
configure:11781: $? = 1
configure: failed program was:
| /* confdefs.h */
| #define PACKAGE_NAME "pocketsphinx"
| #define PACKAGE_TARNAME "pocketsphinx"
| #define PACKAGE_VERSION "0.8"
| #define PACKAGE_STRING "pocketsphinx 0.8"
| #define PACKAGE_BUGREPORT ""
| #define PACKAGE_URL ""
| #define STDC_HEADERS 1
| #define HAVE_SYS_TYPES_H 1
| #define HAVE_SYS_STAT_H 1
| #define HAVE_STDLIB_H 1
| #define HAVE_STRING_H 1
| #define HAVE_MEMORY_H 1
| #define HAVE_STRINGS_H 1
| #define HAVE_INTTYPES_H 1
| #define HAVE_STDINT_H 1
| #define HAVE_UNISTD_H 1
| #define HAVE_DLFCN_H 1
| #define LT_OBJDIR ".libs/"
| /* end confdefs.h.  */
| #include <stdio.h>
| #ifdef HAVE_SYS_TYPES_H
| # include <sys/types.h>
| #endif
| #ifdef HAVE_SYS_STAT_H
| # include <sys/stat.h>
| #endif
| #ifdef STDC_HEADERS
| # include <stdlib.h>
| # include <stddef.h>
| #else
| # ifdef HAVE_STDLIB_H
| #  include <stdlib.h>
| # endif
| #endif
| #ifdef HAVE_STRING_H
| # if !defined STDC_HEADERS && defined HAVE_MEMORY_H
| #  include <memory.h>
| # endif
| # include <string.h>
| #endif
| #ifdef HAVE_STRINGS_H
| # include <strings.h>
| #endif
| #ifdef HAVE_INTTYPES_H
| # include <inttypes.h>
| #endif
| #ifdef HAVE_STDINT_H
| # include <stdint.h>
| #endif
| #ifdef HAVE_UNISTD_H
| # include <unistd.h>
| #endif
| int
| main ()
| {
| if (sizeof ((long long)))
| 	    return 0;
|   ;
|   return 0;
| }
configure:11781: result: yes
configure:11795: checking size of long long
configure:11800: gcc -o conftest -g -O2 -Wall   conftest.c  >&5
configure:11800: $? = 0
configure:11800: ./conftest
configure:11800: $? = 0
configure:11814: result: 8
configure:11826: checking for dup2
configure:11826: gcc -o conftest -g -O2 -Wall   conftest.c  >&5
configure:11826: $? = 0
configure:11826: result: yes
configure:11838: checking for pkg-config
configure:11854: found /usr/bin/pkg-config
configure:11866: result: yes
configure:11877: checking for doxygen
configure:11905: result: no
configure:11947: checking for python
configure:11965: found /usr/bin/python
configure:11978: result: /usr/bin/python
configure:11988: checking for python-config
configure:12006: found /usr/bin/python-config
configure:12019: result: /usr/bin/python-config
configure:12031: checking Python.h usability
configure:12031: gcc -c -g -O2 -Wall  -I/usr/include/python2.7 -I/usr/include/python2.7 conftest.c >&5
In file included from /usr/include/python2.7/Python.h:8:0,
                 from conftest.c:57:
/usr/include/python2.7/pyconfig.h:1161:0: warning: "_POSIX_C_SOURCE" redefined [enabled by default]
In file included from /usr/include/stdio.h:28:0,
                 from conftest.c:24:
/usr/include/features.h:214:0: note: this is the location of the previous definition
configure:12031: $? = 0
configure:12031: result: yes
configure:12031: checking Python.h presence
configure:12031: gcc -E  -I/usr/include/python2.7 -I/usr/include/python2.7 conftest.c
configure:12031: $? = 0
configure:12031: result: yes
configure:12031: checking for Python.h
configure:12031: result: yes
configure:12060: checking for cython
configure:12088: result: no
configure:12156: checking for pkg-config
configure:12174: found /usr/bin/pkg-config
configure:12186: result: /usr/bin/pkg-config
configure:12211: checking pkg-config is at least version 0.9.0
configure:12214: result: yes
configure:12225: checking for GStreamer
configure:12235: $PKG_CONFIG --exists --print-errors "gstreamer-$GST_MAJORMINOR >= 0.10.0
		       gstreamer-base-$GST_MAJORMINOR >= 0.10.0
		       gstreamer-plugins-base-$GST_MAJORMINOR >= 0.10.0"
configure:12240: $? = 0
configure:12259: $PKG_CONFIG --exists --print-errors "gstreamer-$GST_MAJORMINOR >= 0.10.0
		       gstreamer-base-$GST_MAJORMINOR >= 0.10.0
		       gstreamer-plugins-base-$GST_MAJORMINOR >= 0.10.0"
configure:12264: $? = 0
configure:12306: result: yes
configure:12365: checking for sphinxbase in /home/dao04/JAIL/TREE/.CODE/SNIPPET/BANK/voice_recognition/OTHERS/sphinxbase-0.8/pocketsphinx-0.8/../sphinxbase
configure:12373: result: no
configure:12365: checking for sphinxbase in /home/dao04/JAIL/TREE/.CODE/SNIPPET/BANK/voice_recognition/OTHERS/sphinxbase-0.8/pocketsphinx-0.8/../sphinxbase.pc
configure:12373: result: no
configure:12365: checking for sphinxbase in /home/dao04/JAIL/TREE/.CODE/SNIPPET/BANK/voice_recognition/OTHERS/sphinxbase-0.8/pocketsphinx-0.8/../sphinxbase.pc.in
configure:12373: result: no
configure:12365: checking for sphinxbase in /home/dao04/JAIL/TREE/.CODE/SNIPPET/BANK/voice_recognition/OTHERS/sphinxbase-0.8/pocketsphinx-0.8/../sphinxbase.sln
configure:12373: result: no
configure:12387: checking for SphinxBase
configure:12395: $PKG_CONFIG --exists --print-errors "sphinxbase"
configure:12398: $? = 0
configure:12413: $PKG_CONFIG --exists --print-errors "sphinxbase"
configure:12416: $? = 0
configure:12466: result: yes
configure:12473: checking sphinx_config.h usability
configure:12473: gcc -c -g -O2 -Wall  -I/usr/include/python2.7 -I/usr/include/python2.7 -I/usr/local/include -I/usr/local/include/sphinxbase   conftest.c >&5
configure:12473: $? = 0
configure:12473: result: yes
configure:12473: checking sphinx_config.h presence
configure:12473: gcc -E  -I/usr/include/python2.7 -I/usr/include/python2.7 -I/usr/local/include -I/usr/local/include/sphinxbase   conftest.c
configure:12473: $? = 0
configure:12473: result: yes
configure:12473: checking for sphinx_config.h
configure:12473: result: yes
configure:12744: creating ./config.status

## ---------------------- ##
## Running config.status. ##
## ---------------------- ##

This file was extended by pocketsphinx config.status 0.8, which was
generated by GNU Autoconf 2.69.  Invocation command line was

  CONFIG_FILES    = 
  CONFIG_HEADERS  = 
  CONFIG_LINKS    = 
  CONFIG_COMMANDS = 
  $ ./config.status 

on localhost

config.status:1041: creating pocketsphinx.pc
config.status:1041: creating Makefile
config.status:1041: creating include/Makefile
config.status:1041: creating python/Makefile
config.status:1041: creating python/setup.py
config.status:1041: creating src/Makefile
config.status:1041: creating src/libpocketsphinx/Makefile
config.status:1041: creating src/programs/Makefile
config.status:1041: creating src/gst-plugin/Makefile
config.status:1041: creating doc/Makefile
config.status:1041: creating doc/doxyfile
config.status:1041: creating model/Makefile
config.status:1041: creating model/hmm/Makefile
config.status:1041: creating model/lm/Makefile
config.status:1041: creating test/Makefile
config.status:1041: creating test/testfuncs.sh
config.status:1041: creating test/unit/Makefile
config.status:1041: creating test/regression/Makefile
config.status:1213: executing depfiles commands
config.status:1213: executing libtool commands

## ---------------- ##
## Cache variables. ##
## ---------------- ##

ac_cv_build=x86_64-unknown-linux-gnu
ac_cv_c_bigendian=no
ac_cv_c_compiler_gnu=yes
ac_cv_env_CC_set=
ac_cv_env_CC_value=
ac_cv_env_CFLAGS_set=
ac_cv_env_CFLAGS_value=
ac_cv_env_CPPFLAGS_set=
ac_cv_env_CPPFLAGS_value=
ac_cv_env_CPP_set=
ac_cv_env_CPP_value=
ac_cv_env_GStreamer_CFLAGS_set=
ac_cv_env_GStreamer_CFLAGS_value=
ac_cv_env_GStreamer_LIBS_set=
ac_cv_env_GStreamer_LIBS_value=
ac_cv_env_LDFLAGS_set=
ac_cv_env_LDFLAGS_value=
ac_cv_env_LIBS_set=
ac_cv_env_LIBS_value=
ac_cv_env_PKG_CONFIG_set=
ac_cv_env_PKG_CONFIG_value=
ac_cv_env_SphinxBase_CFLAGS_set=
ac_cv_env_SphinxBase_CFLAGS_value=
ac_cv_env_SphinxBase_LIBS_set=
ac_cv_env_SphinxBase_LIBS_value=
ac_cv_env_build_alias_set=
ac_cv_env_build_alias_value=
ac_cv_env_host_alias_set=
ac_cv_env_host_alias_value=
ac_cv_env_target_alias_set=
ac_cv_env_target_alias_value=
ac_cv_func_dup2=yes
ac_cv_header_Python_h=yes
ac_cv_header_dlfcn_h=yes
ac_cv_header_inttypes_h=yes
ac_cv_header_memory_h=yes
ac_cv_header_sphinx_config_h=yes
ac_cv_header_stdc=yes
ac_cv_header_stdint_h=yes
ac_cv_header_stdlib_h=yes
ac_cv_header_string_h=yes
ac_cv_header_strings_h=yes
ac_cv_header_sys_stat_h=yes
ac_cv_header_sys_types_h=yes
ac_cv_header_unistd_h=yes
ac_cv_host=x86_64-unknown-linux-gnu
ac_cv_objext=o
ac_cv_path_EGREP='/bin/grep -E'
ac_cv_path_FGREP='/bin/grep -F'
ac_cv_path_GREP=/bin/grep
ac_cv_path_PYTHON=/usr/bin/python
ac_cv_path_PYTHON_CONFIG=/usr/bin/python-config
ac_cv_path_SED=/bin/sed
ac_cv_path_ac_pt_PKG_CONFIG=/usr/bin/pkg-config
ac_cv_path_install='/usr/bin/install -c'
ac_cv_path_mkdir=/bin/mkdir
ac_cv_prog_AWK=gawk
ac_cv_prog_CPP='gcc -E'
ac_cv_prog_HAVE_CYTHON=no
ac_cv_prog_HAVE_DOXYGEN=no
ac_cv_prog_HAVE_PKGCONFIG=yes
ac_cv_prog_ac_ct_AR=ar
ac_cv_prog_ac_ct_CC=gcc
ac_cv_prog_ac_ct_MANIFEST_TOOL=mt
ac_cv_prog_ac_ct_OBJDUMP=objdump
ac_cv_prog_ac_ct_RANLIB=ranlib
ac_cv_prog_ac_ct_STRIP=strip
ac_cv_prog_cc_c89=
ac_cv_prog_cc_g=yes
ac_cv_prog_make_make_set=yes
ac_cv_sizeof_long_long=8
ac_cv_type_long_long=yes
am_cv_CC_dependencies_compiler_type=gcc3
lt_cv_ar_at_file=@
lt_cv_archive_cmds_need_lc=no
lt_cv_deplibs_check_method=pass_all
lt_cv_file_magic_cmd='$MAGIC_CMD'
lt_cv_file_magic_test_file=
lt_cv_ld_reload_flag=-r
lt_cv_nm_interface='BSD nm'
lt_cv_objdir=.libs
lt_cv_path_LD=/usr/bin/ld
lt_cv_path_NM='/usr/bin/nm -B'
lt_cv_path_mainfest_tool=no
lt_cv_prog_compiler_c_o=yes
lt_cv_prog_compiler_pic='-fPIC -DPIC'
lt_cv_prog_compiler_pic_works=yes
lt_cv_prog_compiler_rtti_exceptions=no
lt_cv_prog_compiler_static_works=yes
lt_cv_prog_gnu_ld=yes
lt_cv_sharedlib_from_linklib_cmd='printf %s\n'
lt_cv_shlibpath_overrides_runpath=no
lt_cv_sys_global_symbol_pipe='sed -n -e '\''s/^.*[	 ]\([ABCDGIRSTW][ABCDGIRSTW]*\)[	 ][	 ]*\([_A-Za-z][_A-Za-z0-9]*\)$/\1 \2 \2/p'\'' | sed '\''/ __gnu_lto/d'\'''
lt_cv_sys_global_symbol_to_c_name_address='sed -n -e '\''s/^: \([^ ]*\)[ ]*$/  {\"\1\", (void *) 0},/p'\'' -e '\''s/^[ABCDGIRSTW]* \([^ ]*\) \([^ ]*\)$/  {"\2", (void *) \&\2},/p'\'''
lt_cv_sys_global_symbol_to_c_name_address_lib_prefix='sed -n -e '\''s/^: \([^ ]*\)[ ]*$/  {\"\1\", (void *) 0},/p'\'' -e '\''s/^[ABCDGIRSTW]* \([^ ]*\) \(lib[^ ]*\)$/  {"\2", (void *) \&\2},/p'\'' -e '\''s/^[ABCDGIRSTW]* \([^ ]*\) \([^ ]*\)$/  {"lib\2", (void *) \&\2},/p'\'''
lt_cv_sys_global_symbol_to_cdecl='sed -n -e '\''s/^T .* \(.*\)$/extern int \1();/p'\'' -e '\''s/^[ABCDGIRSTW]* .* \(.*\)$/extern char \1;/p'\'''
lt_cv_sys_max_cmd_len=1572864
lt_cv_to_host_file_cmd=func_convert_file_noop
lt_cv_to_tool_file_cmd=func_convert_file_noop
pkg_cv_GStreamer_CFLAGS='-pthread -I/usr/include/gstreamer-0.10 -I/usr/include/glib-2.0 -I/usr/lib/x86_64-linux-gnu/glib-2.0/include -I/usr/include/libxml2  '
pkg_cv_GStreamer_LIBS='-pthread -lgstbase-0.10 -lgstreamer-0.10 -lgobject-2.0 -lgmodule-2.0 -lgthread-2.0 -lrt -lxml2 -lglib-2.0  '
pkg_cv_SphinxBase_CFLAGS='-I/usr/local/include -I/usr/local/include/sphinxbase  '
pkg_cv_SphinxBase_LIBS='-L/usr/local/lib -lsphinxbase -lsphinxad -lpthread -lm  '

## ----------------- ##
## Output variables. ##
## ----------------- ##

ACLOCAL='${SHELL} /home/dao04/JAIL/TREE/.CODE/SNIPPET/BANK/voice_recognition/OTHERS/sphinxbase-0.8/pocketsphinx-0.8/missing --run aclocal-1.11'
AMDEPBACKSLASH='\'
AMDEP_FALSE='#'
AMDEP_TRUE=''
AMTAR='$${TAR-tar}'
AR='ar'
AUTOCONF='${SHELL} /home/dao04/JAIL/TREE/.CODE/SNIPPET/BANK/voice_recognition/OTHERS/sphinxbase-0.8/pocketsphinx-0.8/missing --run autoconf'
AUTOHEADER='${SHELL} /home/dao04/JAIL/TREE/.CODE/SNIPPET/BANK/voice_recognition/OTHERS/sphinxbase-0.8/pocketsphinx-0.8/missing --run autoheader'
AUTOMAKE='${SHELL} /home/dao04/JAIL/TREE/.CODE/SNIPPET/BANK/voice_recognition/OTHERS/sphinxbase-0.8/pocketsphinx-0.8/missing --run automake-1.11'
AWK='gawk'
BUILD_CYTHON_FALSE=''
BUILD_CYTHON_TRUE='#'
BUILD_DOXYGEN_FALSE=''
BUILD_DOXYGEN_TRUE='#'
BUILD_GST_FALSE='#'
BUILD_GST_TRUE=''
BUILD_PYTHON_FALSE='#'
BUILD_PYTHON_TRUE=''
CC='gcc'
CCDEPMODE='depmode=gcc3'
CFLAGS='-g -O2 -Wall'
CPP='gcc -E'
CPPFLAGS=' -I/usr/include/python2.7 -I/usr/include/python2.7 -I/usr/local/include -I/usr/local/include/sphinxbase  '
CYGPATH_W='echo'
DEFS='-DPACKAGE_NAME=\"pocketsphinx\" -DPACKAGE_TARNAME=\"pocketsphinx\" -DPACKAGE_VERSION=\"0.8\" -DPACKAGE_STRING=\"pocketsphinx\ 0.8\" -DPACKAGE_BUGREPORT=\"\" -DPACKAGE_URL=\"\" -DSTDC_HEADERS=1 -DHAVE_SYS_TYPES_H=1 -DHAVE_SYS_STAT_H=1 -DHAVE_STDLIB_H=1 -DHAVE_STRING_H=1 -DHAVE_MEMORY_H=1 -DHAVE_STRINGS_H=1 -DHAVE_INTTYPES_H=1 -DHAVE_STDINT_H=1 -DHAVE_UNISTD_H=1 -DHAVE_DLFCN_H=1 -DLT_OBJDIR=\".libs/\" -DHAVE_LONG_LONG=1 -DSIZEOF_LONG_LONG=8 -DHAVE_DUP2=1'
DEPDIR='.deps'
DLLTOOL='false'
DSYMUTIL=''
DUMPBIN=''
ECHO_C=''
ECHO_N='-n'
ECHO_T=''
EGREP='/bin/grep -E'
EXEEXT=''
FGREP='/bin/grep -F'
GREP='/bin/grep'
GST_CFLAGS='-pthread -I/usr/include/gstreamer-0.10 -I/usr/include/glib-2.0 -I/usr/lib/x86_64-linux-gnu/glib-2.0/include -I/usr/include/libxml2   '
GST_LIBS='-pthread -lgstbase-0.10 -lgstreamer-0.10 -lgobject-2.0 -lgmodule-2.0 -lgthread-2.0 -lrt -lxml2 -lglib-2.0  '
GST_MAJORMINOR='0.10'
GST_PLUGIN_LDFLAGS='-module -avoid-version -export-symbols-regex _*\(gst_\|Gst\|GST_\).*'
GStreamer_CFLAGS='-pthread -I/usr/include/gstreamer-0.10 -I/usr/include/glib-2.0 -I/usr/lib/x86_64-linux-gnu/glib-2.0/include -I/usr/include/libxml2  '
GStreamer_LIBS='-pthread -lgstbase-0.10 -lgstreamer-0.10 -lgobject-2.0 -lgmodule-2.0 -lgthread-2.0 -lrt -lxml2 -lglib-2.0  '
HAVE_CYTHON='no'
HAVE_DOXYGEN='no'
HAVE_PKGCONFIG='yes'
INSTALL_DATA='${INSTALL} -m 644'
INSTALL_PROGRAM='${INSTALL}'
INSTALL_SCRIPT='${INSTALL}'
INSTALL_STRIP_PROGRAM='$(install_sh) -c -s'
LD='/usr/bin/ld -m elf_x86_64'
LDFLAGS=''
LIBOBJS=''
LIBS=' -L/usr/local/lib -lsphinxbase -lsphinxad -lpthread -lm  '
LIBTOOL='$(SHELL) $(top_builddir)/libtool'
LIPO=''
LN_S='ln -s'
LTLIBOBJS=''
MAKEINFO='${SHELL} /home/dao04/JAIL/TREE/.CODE/SNIPPET/BANK/voice_recognition/OTHERS/sphinxbase-0.8/pocketsphinx-0.8/missing --run makeinfo'
MANIFEST_TOOL=':'
MKDIR_P='/bin/mkdir -p'
NM='/usr/bin/nm -B'
NMEDIT=''
OBJDUMP='objdump'
OBJEXT='o'
OTOOL64=''
OTOOL=''
PACKAGE='pocketsphinx'
PACKAGE_BUGREPORT=''
PACKAGE_NAME='pocketsphinx'
PACKAGE_STRING='pocketsphinx 0.8'
PACKAGE_TARNAME='pocketsphinx'
PACKAGE_URL=''
PACKAGE_VERSION='0.8'
PATH_SEPARATOR=':'
PKG_CONFIG='/usr/bin/pkg-config'
PYTHON='/usr/bin/python'
PYTHON_CONFIG='/usr/bin/python-config'
RANLIB='ranlib'
SED='/bin/sed'
SET_MAKE=''
SHELL='/bin/bash'
STRIP='strip'
SphinxBase_CFLAGS='-I/usr/local/include -I/usr/local/include/sphinxbase  '
SphinxBase_LIBS='-L/usr/local/lib -lsphinxbase -lsphinxad -lpthread -lm  '
VERSION='0.8'
ac_ct_AR='ar'
ac_ct_CC='gcc'
ac_ct_DUMPBIN=''
am__EXEEXT_FALSE=''
am__EXEEXT_TRUE='#'
am__fastdepCC_FALSE='#'
am__fastdepCC_TRUE=''
am__include='include'
am__isrc=''
am__leading_dot='.'
am__nodep='_no'
am__quote=''
am__tar='$${TAR-tar} chof - "$$tardir"'
am__untar='$${TAR-tar} xf -'
bindir='${exec_prefix}/bin'
build='x86_64-unknown-linux-gnu'
build_alias=''
build_cpu='x86_64'
build_os='linux-gnu'
build_vendor='unknown'
datadir='${datarootdir}'
datarootdir='${prefix}/share'
docdir='${datarootdir}/doc/${PACKAGE_TARNAME}'
dvidir='${docdir}'
exec_prefix='${prefix}'
host='x86_64-unknown-linux-gnu'
host_alias=''
host_cpu='x86_64'
host_os='linux-gnu'
host_vendor='unknown'
htmldir='${docdir}'
includedir='${prefix}/include'
infodir='${datarootdir}/info'
install_sh='${SHELL} /home/dao04/JAIL/TREE/.CODE/SNIPPET/BANK/voice_recognition/OTHERS/sphinxbase-0.8/pocketsphinx-0.8/install-sh'
libdir='${exec_prefix}/lib'
libexecdir='${exec_prefix}/libexec'
localedir='${datarootdir}/locale'
localstatedir='${prefix}/var'
mandir='${datarootdir}/man'
mkdir_p='/bin/mkdir -p'
oldincludedir='/usr/include'
pdfdir='${docdir}'
plugindir='$(libdir)/gstreamer-0.10'
prefix='/usr/local'
program_transform_name='s,x,x,'
psdir='${docdir}'
sbindir='${exec_prefix}/sbin'
sharedstatedir='${prefix}/com'
sphinxbase=''
sphinxbasebuild=''
sysconfdir='${prefix}/etc'
target_alias=''

## ----------- ##
## confdefs.h. ##
## ----------- ##

/* confdefs.h */
#define PACKAGE_NAME "pocketsphinx"
#define PACKAGE_TARNAME "pocketsphinx"
#define PACKAGE_VERSION "0.8"
#define PACKAGE_STRING "pocketsphinx 0.8"
#define PACKAGE_BUGREPORT ""
#define PACKAGE_URL ""
#define STDC_HEADERS 1
#define HAVE_SYS_TYPES_H 1
#define HAVE_SYS_STAT_H 1
#define HAVE_STDLIB_H 1
#define HAVE_STRING_H 1
#define HAVE_MEMORY_H 1
#define HAVE_STRINGS_H 1
#define HAVE_INTTYPES_H 1
#define HAVE_STDINT_H 1
#define HAVE_UNISTD_H 1
#define HAVE_DLFCN_H 1
#define LT_OBJDIR ".libs/"
#define HAVE_LONG_LONG 1
#define SIZEOF_LONG_LONG 8
#define HAVE_DUP2 1

configure: exit 0
