./run.sh: line 14: /home/dao04/config/sh/df.sh: No such file or directory
/home/dao04/config/sh/suspend.sh: line 11: gxm: command not found
suspend01()..
let me sleep timeout -  is:60
Error org.freedesktop.DBus.Error.NoReply: Did not receive a reply. Possible causes include: the remote application did not send a reply, the message bus security policy blocked the reply, the reply timeout expired, or the network connection was broken.
res:  
slept for: 140
you are free now - act wisely
/home/dao04/config/sh/suspend.sh: line 11: gxm: command not found
suspend01()..
let me sleep timeout -  is:60
Error org.freedesktop.DBus.Error.NoReply: Did not receive a reply. Possible causes include: the remote application did not send a reply, the message bus security policy blocked the reply, the reply timeout expired, or the network connection was broken.
res:  
slept for: 88
you are free now - act wisely
/home/dao04/config/sh/suspend.sh: line 11: gxm: command not found
suspend01()..
let me sleep timeout -  is:60
gxmessage: can't get message from both -file and command line
suspend01()..
let me sleep timeout -  is:60
Error org.freedesktop.DBus.Error.NoReply: Did not receive a reply. Possible causes include: the remote application did not send a reply, the message bus security policy blocked the reply, the reply timeout expired, or the network connection was broken.
res:  
slept for: 73
you are free now - act wisely
gxmessage: can't get message from both -file and command line
suspend01()..
let me sleep timeout -  is:60
Error org.freedesktop.DBus.Error.NoReply: Did not receive a reply. Possible causes include: the remote application did not send a reply, the message bus security policy blocked the reply, the reply timeout expired, or the network connection was broken.
res:  
slept for: 134
you are free now - act wisely
/home/dao04/config/sh/suspend.sh: line 11: gxm: command not found
suspend01()..
let me sleep timeout -  is:60
/home/dao04/config/sh/suspend.sh: line 6: show: command not found
suspend01()..
let me sleep timeout -  is:60
/home/dao04/config/sh/suspend.sh: line 11: gxm: command not found
suspend01()..
let me sleep timeout -  is:60
Error org.freedesktop.DBus.Error.NoReply: Did not receive a reply. Possible causes include: the remote application did not send a reply, the message bus security policy blocked the reply, the reply timeout expired, or the network connection was broken.
res:  
slept for: 3948
you are free now - act wisely
/home/dao04/config/sh/suspend.sh: line 11: gxm: command not found
suspend01()..
let me sleep timeout -  is:60
/home/dao04/config/sh/suspend.sh: line 11: gxm: command not found
suspend01()..
let me sleep timeout -  is:60
Error org.freedesktop.DBus.Error.NoReply: Did not receive a reply. Possible causes include: the remote application did not send a reply, the message bus security policy blocked the reply, the reply timeout expired, or the network connection was broken.
res:  
slept for: 34
let me sleep for at least 60 seconds
suspend01()..
let me sleep timeout -  is:60
Error org.freedesktop.DBus.Error.NoReply: Did not receive a reply. Possible causes include: the remote application did not send a reply, the message bus security policy blocked the reply, the reply timeout expired, or the network connection was broken.
res:  
slept for: 34
let me sleep for at least 60 seconds
suspend01()..
let me sleep timeout -  is:60
Error org.freedesktop.UPower.GeneralError: not authorized
res:  
slept for: 49
let me sleep for at least 60 seconds
suspend01()..
let me sleep timeout -  is:60
Error org.freedesktop.UPower.GeneralError: not authorized
res:  
slept for: 10
let me sleep for at least 60 seconds
suspend01()..
let me sleep timeout -  is:60
Error org.freedesktop.UPower.GeneralError: not authorized
res:  
slept for: 9
let me sleep for at least 60 seconds
suspend01()..
let me sleep timeout -  is:60
Error org.freedesktop.UPower.GeneralError: not authorized
res:  
slept for: 10
let me sleep for at least 60 seconds
suspend01()..
let me sleep timeout -  is:60
Error org.freedesktop.UPower.GeneralError: not authorized
res:  
slept for: 10
let me sleep for at least 60 seconds
suspend01()..
let me sleep timeout -  is:60
Error org.freedesktop.UPower.GeneralError: not authorized
res:  
slept for: 9
let me sleep for at least 60 seconds
suspend01()..
let me sleep timeout -  is:60
Error org.freedesktop.UPower.GeneralError: not authorized
res:  
slept for: 10
let me sleep for at least 60 seconds
suspend01()..
let me sleep timeout -  is:60
Error org.freedesktop.UPower.GeneralError: not authorized
res:  
slept for: 10
let me sleep for at least 60 seconds
suspend01()..
let me sleep timeout -  is:60
Error org.freedesktop.UPower.GeneralError: not authorized
res:  
slept for: 10
let me sleep for at least 60 seconds
suspend01()..
let me sleep timeout -  is:60
Error org.freedesktop.UPower.GeneralError: not authorized
res:  
slept for: 10
let me sleep for at least 60 seconds
suspend01()..
let me sleep timeout -  is:60
Error org.freedesktop.UPower.GeneralError: not authorized
res:  
slept for: 9
let me sleep for at least 60 seconds
suspend01()..
let me sleep timeout -  is:60
Error org.freedesktop.UPower.GeneralError: not authorized
res:  
slept for: 106
you are free now - act wisely
