0.546209 48
0.127199 1
2.418945 1
0.067171 1
0.092752 1
0.078834 1
0.074533 1
0.156149 1
0.087203 1
0.252595 1
0.058504 1
0.162144 1
0.189679 4
0.386537 1
0.133668 1
0.104131 1
0.145091 2
0.143413 27
0.008434 2
1.910623 59
0.019896 939
0.011550 336
0.004226 13
1.301304 1
0.635398 1
0.250628 1
0.200197 1
0.283619 1
0.218059 1
0.066501 1
0.063940 1
0.116961 1
0.292152 1
0.175435 1
0.151919 1
0.119262 2
0.117644 224
0.014689 48
0.000041 25
1.417560 2
5.212616 224
0.011808 48
0.001223 50
0.883013 50
0.168905 25
0.769960 1
1.976582 1
0.690092 1
0.154214 1
0.185900 1
0.117517 1
0.253164 1
0.145407 1
0.130919 1
0.359985 1
0.367839 1
0.160473 1
0.180600 1
0.075849 2
0.210624 292
0.014914 48
0.001155 50
1.199037 6
