0.827537 48
0.130855 1
5.387920 1
0.115547 1
0.101508 1
0.091440 1
0.074568 1
0.199306 1
0.336432 4
0.354856 1
0.136819 1
0.385507 1
0.138160 1
0.163459 1
0.139254 1
0.098351 1
0.141567 2
0.165429 27
0.008494 2
1.740958 59
0.012244 939
0.011850 336
0.004165 1
3.477627 1
0.228396 1
0.024425 1
0.116455 1
0.033683 1
1.362736 1
0.069262 1
1.107313 1
0.154959 1
0.116371 1
0.423025 1
0.082910 1
0.155555 1
0.244310 1
0.210472 1
0.097065 1
0.300245 1
0.370681 1
0.120111 1
0.271650 4
0.367706 4
0.156986 4
0.265765 1
0.813842 1
0.218920 1
0.125738 1
0.126336 1
0.218807 1
0.105132 1
0.560343 1
0.940912 72
0.242994 1
0.483317 1
0.254108 1
0.103439 2
0.173434 30
0.000625 48
0.000034 6
