lister_sh=/home/dao04/JAIL/TREE/works/lister/0.0.1/lister.sh
dir_library=/home/dao04/JAIL/TREE/works/library/0.0.1
SSH_AGENT_PID=24228
LESS_TERMCAP_mb=[01;31m
time=13_39_42
LESS_TERMCAP_md=[01;37m
GLADE_PIXMAP_PATH=:
GPG_AGENT_INFO=/home/dao04/.cache/keyring-Jr0Gqz/gpg:0:1
LESS_TERMCAP_me=[0m
single_sh=/home/dao04/JAIL/TREE/works/magnify_the_small/0.0.1/singles/single.sh
XDG_MENU_PREFIX=xfce-
SHELL=/bin/bash
TERM=xterm
dir_workspace=/home/dao04/JAIL/TREE/works/magnify_the_small/0.0.1/WORKSPACE
XDG_SESSION_COOKIE=747cb34ec7e2320b881a0f4d52d91185-1394458500.346453-106531747
TIMEOUT_ALIVE=300
dir_singles_cli=/home/dao04/JAIL/TREE/works/magnify_the_small/0.0.1/singles_cli
WINDOWID=58720260
LESS_TERMCAP_ue=[0m
dir_root=/home/dao04/JAIL/TREE/works/magnify_the_small/0.0.1
dir_share=/home/dao04/JAIL/TREE/share
USER=dao04
LS_COLORS=rs=0:di=01;34:ln=01;36:mh=00:pi=40;33:so=01;35:do=01;35:bd=40;33;01:cd=40;33;01:or=40;31;01:su=37;41:sg=30;43:ca=30;41:tw=30;42:ow=34;42:st=37;44:ex=01;32:*.tar=01;31:*.tgz=01;31:*.arj=01;31:*.taz=01;31:*.lzh=01;31:*.lzma=01;31:*.tlz=01;31:*.txz=01;31:*.zip=01;31:*.z=01;31:*.Z=01;31:*.dz=01;31:*.gz=01;31:*.lz=01;31:*.xz=01;31:*.bz2=01;31:*.bz=01;31:*.tbz=01;31:*.tbz2=01;31:*.tz=01;31:*.deb=01;31:*.rpm=01;31:*.jar=01;31:*.war=01;31:*.ear=01;31:*.sar=01;31:*.rar=01;31:*.ace=01;31:*.zoo=01;31:*.cpio=01;31:*.7z=01;31:*.rz=01;31:*.jpg=01;35:*.jpeg=01;35:*.gif=01;35:*.bmp=01;35:*.pbm=01;35:*.pgm=01;35:*.ppm=01;35:*.tga=01;35:*.xbm=01;35:*.xpm=01;35:*.tif=01;35:*.tiff=01;35:*.png=01;35:*.svg=01;35:*.svgz=01;35:*.mng=01;35:*.pcx=01;35:*.mov=01;35:*.mpg=01;35:*.mpeg=01;35:*.m2v=01;35:*.mkv=01;35:*.webm=01;35:*.ogm=01;35:*.mp4=01;35:*.m4v=01;35:*.mp4v=01;35:*.vob=01;35:*.qt=01;35:*.nuv=01;35:*.wmv=01;35:*.asf=01;35:*.rm=01;35:*.rmvb=01;35:*.flc=01;35:*.avi=01;35:*.fli=01;35:*.flv=01;35:*.gl=01;35:*.dl=01;35:*.xcf=01;35:*.xwd=01;35:*.yuv=01;35:*.cgm=01;35:*.emf=01;35:*.axv=01;35:*.anx=01;35:*.ogv=01;35:*.ogx=01;35:*.aac=00;36:*.au=00;36:*.flac=00;36:*.mid=00;36:*.midi=00;36:*.mka=00;36:*.mp3=00;36:*.mpc=00;36:*.ogg=00;36:*.ra=00;36:*.wav=00;36:*.axa=00;36:*.oga=00;36:*.spx=00;36:*.xspf=00;36:
GLADE_MODULE_PATH=:
XDG_SESSION_PATH=/org/freedesktop/DisplayManager/Session11
SOUND=false
delay=300
XDG_SEAT_PATH=/org/freedesktop/DisplayManager/Seat0
SSH_AUTH_SOCK=/home/dao04/.cache/keyring-Jr0Gqz/ssh
SESSION_MANAGER=local/localhost:@/tmp/.ICE-unix/24259,unix/localhost:/tmp/.ICE-unix/24259
TIMEOUT_SUSPEND=60
dir_vendor=/home/dao04/JAIL/TREE/vendor/0.0.1
XDG_CONFIG_DIRS=/etc/xdg
LESS_TERMCAP_us=[01;32m
dir_wiki=/home/dao04/JAIL/TREE/WIKI
GMAIL_USER_BASHRC=advance.linux2
DESKTOP_SESSION=lightdm-xsession
PATH=/usr/local/bin:/usr/bin:/bin:/usr/local/games:/usr/games
translate_sh=/home/dao04/JAIL/TREE/works/magnify_the_small/0.0.1/singles/translation/translation.sh
PWD=/home/dao04/JAIL/TREE/works/magnify_the_small/0.0.1/bin/0_sos
BASH_GUI=true
dir_how_am_i=/home/dao04/JAIL/TREE/works/how_am_i/0.0.1
LANG=en_US.UTF-8
GNOME_KEYRING_PID=24183
dir_singles=/home/dao04/JAIL/TREE/works/magnify_the_small/0.0.1/singles
dir_plugins=/home/dao04/JAIL/TREE/works/plugins/0.0.1
dir_magnify=/home/dao04/JAIL/TREE/works/magnify_the_small/0.0.1
GDMSESSION=lightdm-xsession
coverage_sh=/home/dao04/JAIL/TREE/works/coverage/0.0.1/coverage.sh
file_plan=/home/dao04/JAIL/TREE/plan.txt
dir_lister=/home/dao04/JAIL/TREE/works/lister/0.0.1
HOME=/home/dao04
SHLVL=6
dir_log=/home/dao04/JAIL/TREE/works/magnify_the_small/0.0.1/.LOG
GMAIL_USER_PASSWORD=advance.linux
LOGNAME=dao04
dir_test=/home/dao04/JAIL/TREE/works/test/0.0.1
DBUS_SESSION_BUS_ADDRESS=unix:abstract=/tmp/dbus-rEa9AzLW72,guid=b6fefbf679dece907ff6f0a1531dbf84
XDG_DATA_DIRS=/usr/local/share:/usr/share
LESS_TERMCAP_so=[01;44;33m
suspend_sh=/home/dao04/JAIL/TREE/works/magnify_the_small/0.0.1/singles/suspend/suspend.sh
dir_coverage=/home/dao04/JAIL/TREE/works/coverage/0.0.1
single_cli_sh=/home/dao04/JAIL/TREE/works/magnify_the_small/0.0.1/singles_cli/single_cli.sh
GUI=true
DISPLAY=:1.0
dir_tmp=/home/dao04/JAIL/TREE/works/library/0.0.1/src/rc/tmp
today=03_10_14
LIBGLADE_MODULE_PATH=:
GLADE_CATALOG_PATH=:
XAUTHORITY=/home/dao04/.Xauthority
COLORTERM=Terminal
LESS_TERMCAP_se=[0m
xsel=() {  util=`which xsel`;
 if [ "$util" ]; then
 if [ $# -gt 0 ]; then
 str="$1";
 echo "Updating Clipboard...";
 cmd="echo \"$str\" | $util --clipboard";
 eval "$cmd";
 fi;
 else
 trace echo 'no such util: xsel';
 fi
}
pull=() {  print_func;
 subject="$1";
 cmd="cat $0 | grep $subject:";
 str=`eval "$cmd"`;
 if [ "$str" ]; then
 str1=`echo "$str" | cut -d':' -f2`;
 remove_trailing "$str1";
 else
 reason_of_death 'no such subject:' "$subject";
 fi
}
show_funcs=() {  print_func;
 cat $0 | grep '(){' | cut -d'(' -f1
}
sourcing=() {  echo -n '[SOURCING]';
 echo '*.cfg';
 echo color proxy pid inline;
 source $dir_share/color.cfg;
 source $dir_share/pid.cfg;
 source $dir_wiki/bank/fast_commands.cfg;
 cmd="source $dir_library/src/rc/library.cfg";
 eval "$cmd"
}
is_a_number=() {  yournumber=$1;
 re='^[0-9]+$';
 if ! [[ $yournumber =~ $re ]]; then
 echo "error: Not a number" 1>&2;
 exit 1;
 fi
}
breakpoint=() {  flite -t 'error';
 notify-send "$0"
}
xcowsay=() {  util=`which xcowsay`;
 if [ "$util" ]; then
 $util "$@";
 else
 trace echo 'no such util: xcowsay';
 fi
}
print_color_n=() {  echo -en "\x1B[01;$1m[*]\x1B[0m $2 "
}
every=() {  local num=$1;
 local cmd_do="$2";
 local cmd_else="$3";
 echo "$1";
 echo "$2";
 echo "$3";
 random $num;
 local res=$?;
 local output='';
 if [ $res -eq 0 ]; then
 echo "cmd: $cmd";
 eval "$cmd_do";
 else
 eval "$cmd_else";
 notify-send "skip" "$num";
 fi;
 return $res
}
trace=() {  echo "$@" > /dev/null
}
exports=() {  echo -n '[EXPORTS FILE_STRUCTURE]';
 echo 'export Dir_X';
 echo "works workspace plugins vendor coverage how_am_i";
 export dir_works="$dir_root/works";
 export dir_wiki="$dir_root/WIKI";
 export dir_workspace="$dir_root/WORKSPACE/$LOGNAME";
 export dir_vendor=$dir_root/vendor/0.0.1;
 export dir_library="$dir_root/works/library/0.0.1";
 export dir_plugins="$dir_root/works/plugins/0.0.1";
 export dir_coverage="$dir_works/coverage/0.0.1";
 export dir_magnify="$dir_works/magnify_the_small/0.0.1";
 export dir_how_am_i="$dir_works/how_am_i/0.0.1";
 export dir_test="$dir_root/works/test/0.0.1";
 export dir_lister="$dir_root/works/lister/0.0.1";
 export dir_share="$dir_root/share";
 export file_plan=$dir_root/plan.txt;
 export coverage_sh="$dir_coverage/coverage.sh";
 export lister_sh="$dir_lister/lister.sh";
 export delay=5;
 export today=`date +%m_%d_%y`;
 export time=`date | tr -s ' ' | cut -d' ' -f4 | sed 's/:/_/g'`
}
aspell=() {  print_func;
 return $SUCCESS;
 util=`which aspell`;
 result=0;
 if [ "$util" ]; then
 if [ $# -gt 0 ]; then
 cmd="$util -a <<< \"$@\"";
 str=$( confirm "$cmd" );
 cmd1="echo \"$str\" |  $util -a | grep  ','";
 str1=$( confirm "$cmd1" );
 result=$( echo "$str1" );
 else
 reason_of_death "no arguments - no spelling";
 fi;
 echo "$result";
 else
 trace echo 'no such util: aspell';
 fi
}
print_func=() {  local str="${FUNCNAME[1]}";
 echo "---> $str()" 1>&2
}
random=() {  print_func;
 local num="${1:-5}";
 let "r = $RANDOM % $num";
 return $r
}
wget=() {  util=`which wget`;
 if [ "$util" ]; then
 $util "$@";
 else
 trace echo 'no such util: wget';
 fi
}
gxmessage=() {  util=`which gxmessage`;
 if [ "$util" ]; then
 $util "$@";
 else
 trace echo 'no such util: gxmessage';
 fi
}
flite=() {  util=`which flite`;
 if [ "$util" ]; then
 if [ $# -eq 1 ]; then
 local str="$1";
 notify-send "$str";
 cmd="$util -t \"$str\"";
 eval "$cmd";
 fi;
 else
 trace echo 'no such util: flite';
 fi
}
check_depend_process=() {  print_func;
 local process=`pull check_depend_process`;
 cmd="ps -ef | grep $process | grep -v grep";
 str=`eval "$cmd"`;
 [ -z "$str" ] && { 
 print_color 31 "ERROR:\nPlease Run: $process";
 exiting
 }
}
print_color=() {  echo -e "\x1B[01;$1m[*]\x1B[0m $2 "
}
notify-send=() {  trace trace echo 'notify-send()';
 local util=`which notify-send`;
 if [ "$util" ]; then
 local arg1='';
 local arg2='';
 gui=true;
 if [ "$gui" = true ]; then
 if [ $# -eq 0 ]; then
 $util 'Got Empty string';
 else
 if [ $# -eq 1 ]; then
 arg1="$1";
 $util "$arg1" '-';
 else
 arg1="$1";
 arg2="$2";
 $util "$arg1" "$arg2";
 fi;
 fi;
 else
 echo -e '\t\tskipping call to notify-send';
 echo "$arg1";
 echo "$arg2";
 fi;
 else
 trace echo 'no such util: notify-send';
 fi
}
print_line=() {  hr='----------------------------------------------------------------';
 printf '%s' "${hr:0:${COLUMNS:-$(tput cols)}}";
 echo
}
exiting=() {  print_color 31 exiting..;
 exit 1
}
expose=() {  print_func;
 subject="$1";
 print_color 33 "subject: $subject:\t\t";
 pull "$subject"
}
for_each_element=() {  cmd="$1";
 for t in "${arr[@]}";
 do
 eval "$cmd $t";
 done
}
confirm=() {  echo 'CONFIRM:';
 local cmd="$1";
 if [ "$cmd" != '' ]; then
 echo -e "cmd:\n ${cmd}";
 echo 'press y to continue';
 read answer;
 if [ "$answer" = y ]; then
 echo 'running... ';
 eval "$cmd";
 else
 exiting;
 fi;
 else
 echo "supply a command";
 fi
}
use=() {  echo "---> use()";
 str='';
 args=();
 words='';
 if [ "$#" -gt 0 ]; then
 first=${1:-''};
 str=`echo  "$first"|sed 's_\._/_g'`;
 shift;
 if [ "$#" -gt 0 ]; then
 args=("$@");
 words="${args[@]:-''}";
 fi;
 fi;
 path="$dir_library/src/rc";
 prefix="$path/$str";
 if [ -f "$prefix.cfg" ]; then
 if [ "$words" = edit ]; then
 echo gvim "$prefix.cfg";
 else
 add_alias_for "$prefix" "cfg";
 cmd="source $prefix.cfg";
 echo "$first" >> $dir_tmp/commands.sh;
 echo "$cmd" >> $dir_tmp/commands.sh;
 eval "$cmd";
 /home/dao04/JAIL/TREE/works/coverage/0.0.1/coverage.sh "$prefix.cfg";
 fi;
 else
 if [ -f "$prefix.sh" ]; then
 if [ "$words" = edit ]; then
 echo gvim "$prefix.sh";
 else
 add_alias_for "$prefix" "sh";
 echo "File: $prefix.sh";
 /home/dao04/JAIL/TREE/works/coverage/0.0.1/coverage.sh "$prefix.sh";
 cmd="$prefix.sh ${args[@]}";
 commander "$cmd";
 fi;
 else
 echo 'Tree: ';
 tree "$prefix" -L 2;
 tree "$prefix" -L 1;
 echo;
 echo 'recent commands:';
 cat $dir_tmp/commands.sh | tail -5;
 fi;
 fi
}
check_depend_package=() {  print_func;
 list=`pull check_depend_package`;
 print_color 32 "dependencies: ";
 echo "LIST:$list";
 for item in $list;
 do
 cmd="dpkg -L $item";
 eval "$cmd" > /dev/null 2>&1 || { 
 print_color 31 "ERROR:\nPlease Run: sudo apt-get install $item";
 exiting
 };
 done
}
play=() {  util=`which play`;
 if [ "$util" ]; then
 $util $@;
 else
 trace echo 'no such util: play';
 fi
}
check_depend_config=() {  print_func;
 list=`pull check_depend_config`;
 print_color 32 "configure:";
 echo "LIST:$list";
 for item in $list;
 do
 somevar=`echo \\$"$item"`;
 res=`eval echo $somevar`;
 [ "$res" = '' ] && { 
 print_color 31 "ERROR:\n1.Open: vars.cfg which located in the plugin directory you are trying to run.\n2.Edit variable: $item";
 exiting
 };
 done
}
commander=() {  echo 'COMMANDER()';
 cmd="$1";
 echo -e "cmd: \n $cmd";
 eval "$cmd"
}
aliases=() {  shopt -s expand_aliases;
 echo '[ALIASES]';
 echo 'vim: coverageE breathE';
 echo 'cd:  cdhow cd';
 echo 'run: query';
 alias selfishE="vi $dir_works/share/selfish.cfg";
 alias coverageE="vi $dir_coverage/coverage.sh";
 alias breathE="vi $dir_root/breath.cfg";
 alias planE="vi $dir_root/plan.txt";
 alias wikiE="vi $dir_root/WIKI";
 alias listerE="vi $dir_lister/lister.sh";
 alias query="$dir_vendor/fu-master/fu -a";
 alias lister="$dir_lister/lister.sh";
 alias coverage="$dir_coverage/coverage.sh";
 alias cdhow="cd $dir_how_am_i";
 alias cdcoverage="cd $dir_coverage";
 alias cdlister="cd $dir_lister";
 alias cdmagnify="cd $dir_magnify";
 alias cdtest="cd $dir_test";
 alias cdshare="cd $dir_share"
}
print_script=() {  local str="SCRIPT: $0";
 echo "---> $str()" 1>&2
}
information=() {  print_func;
 expose plugin;
 expose describe
}
reason_of_death=() {  print_line;
 msg0="reason of death:";
 msg1='';
 msg2='';
 str1="${1:-''}";
 str2=${2:-''};
 if [ "$str1" ]; then
 msg1="Why?\t\t $str1";
 fi;
 if [ "$str2" ]; then
 msg2="Name:\t\t $str2";
 fi;
 print_color 31 "$msg0";
 echo -e "\t$msg1";
 echo -e "\t$msg2";
 echo;
 print_line;
 flite "$str1";
 exiting
}
covering=() {  echo
}
_=/usr/bin/env
